0 info it worked if it ends with ok
1 verbose cli [ '/usr/bin/nodejs', '/usr/bin/npm', 'run', 'start-noserver' ]
2 info using npm@3.10.3
3 info using node@v6.7.0
4 verbose run-script [ 'prestart-noserver', 'start-noserver', 'poststart-noserver' ]
5 info lifecycle PLEIADES-browser@1.0.0~prestart-noserver: PLEIADES-browser@1.0.0
6 silly lifecycle PLEIADES-browser@1.0.0~prestart-noserver: no script for prestart-noserver, continuing
7 info lifecycle PLEIADES-browser@1.0.0~start-noserver: PLEIADES-browser@1.0.0
8 verbose lifecycle PLEIADES-browser@1.0.0~start-noserver: unsafe-perm in lifecycle true
9 verbose lifecycle PLEIADES-browser@1.0.0~start-noserver: PATH: /usr/lib/node_modules/npm/bin/node-gyp-bin:/home/doyel/Doyel/Big_Mechanism/gitcode/pleiades/angular-frontend/node_modules/.bin:/usr/bin:/home/doyel/Doyel/Softwares/mongodb/bin:/usr/local/sbin:/usr/local/bin:/usr/sbin:/usr/bin:/sbin:/bin:/usr/games:/usr/local/games
10 verbose lifecycle PLEIADES-browser@1.0.0~start-noserver: CWD: /home/doyel/Doyel/Big_Mechanism/gitcode/pleiades/angular-frontend
11 silly lifecycle PLEIADES-browser@1.0.0~start-noserver: Args: [ '-c', 'tsc && concurrently "tsc -w" ' ]
12 silly lifecycle PLEIADES-browser@1.0.0~start-noserver: Returned: code: 2  signal: null
13 info lifecycle PLEIADES-browser@1.0.0~start-noserver: Failed to exec start-noserver script
14 verbose stack Error: PLEIADES-browser@1.0.0 start-noserver: `tsc && concurrently "tsc -w" `
14 verbose stack Exit status 2
14 verbose stack     at EventEmitter.<anonymous> (/usr/lib/node_modules/npm/lib/utils/lifecycle.js:242:16)
14 verbose stack     at emitTwo (events.js:106:13)
14 verbose stack     at EventEmitter.emit (events.js:191:7)
14 verbose stack     at ChildProcess.<anonymous> (/usr/lib/node_modules/npm/lib/utils/spawn.js:40:14)
14 verbose stack     at emitTwo (events.js:106:13)
14 verbose stack     at ChildProcess.emit (events.js:191:7)
14 verbose stack     at maybeClose (internal/child_process.js:877:16)
14 verbose stack     at Process.ChildProcess._handle.onexit (internal/child_process.js:226:5)
15 verbose pkgid PLEIADES-browser@1.0.0
16 verbose cwd /home/doyel/Doyel/Big_Mechanism/gitcode/pleiades/angular-frontend
17 error Linux 3.13.0-32-generic
18 error argv "/usr/bin/nodejs" "/usr/bin/npm" "run" "start-noserver"
19 error node v6.7.0
20 error npm  v3.10.3
21 error code ELIFECYCLE
22 error PLEIADES-browser@1.0.0 start-noserver: `tsc && concurrently "tsc -w" `
22 error Exit status 2
23 error Failed at the PLEIADES-browser@1.0.0 start-noserver script 'tsc && concurrently "tsc -w" '.
23 error Make sure you have the latest version of node.js and npm installed.
23 error If you do, this is most likely a problem with the PLEIADES-browser package,
23 error not with npm itself.
23 error Tell the author that this fails on your system:
23 error     tsc && concurrently "tsc -w"
23 error You can get information on how to open an issue for this project with:
23 error     npm bugs PLEIADES-browser
23 error Or if that isn't available, you can get their info via:
23 error     npm owner ls PLEIADES-browser
23 error There is likely additional logging output above.
24 verbose exit [ 1, true ]
